This file contains any messages produced by compilers while
running configure, to aid debugging if configure makes a mistake.

It was created by configure, which was
generated by GNU Autoconf 2.59.  Invocation command line was

  $ ./configure --with-php-config=/home/xma/php/bin/php-config

## --------- ##
## Platform. ##
## --------- ##

hostname = corp-dev-02.tc.zynga.com
uname -m = x86_64
uname -r = 2.6.18-194.el5
uname -s = Linux
uname -v = #1 SMP Fri Apr 2 14:58:14 EDT 2010

/usr/bin/uname -p = unknown
/bin/uname -X     = unknown

/bin/arch              = x86_64
/usr/bin/arch -k       = unknown
/usr/convex/getsysinfo = unknown
hostinfo               = unknown
/bin/machine           = unknown
/usr/bin/oslevel       = unknown
/bin/universe          = unknown

PATH: /home/xma/bin
PATH: /home/xma/php/bin
PATH: /usr/kerberos/bin
PATH: /usr/local/bin
PATH: /bin
PATH: /usr/bin
PATH: /home/xma/bin


## ----------- ##
## Core tests. ##
## ----------- ##

configure:1482: checking for egrep
configure:1492: result: grep -E
configure:1497: checking for a sed that does not truncate output
configure:1551: result: /bin/sed
configure:1681: checking for cc
configure:1697: found /usr/bin/cc
configure:1707: result: cc
configure:1728: checking for C compiler version
configure:1731: cc --version </dev/null >&5
cc (GCC) 4.1.2 20080704 (Red Hat 4.1.2-48)
Copyright (C) 2006 Free Software Foundation, Inc.
This is free software; see the source for copying conditions.  There is NO
warranty; not even for MERCHANTABILITY or FITNESS FOR A PARTICULAR PURPOSE.

configure:1734: $? = 0
configure:1736: cc -v </dev/null >&5
Using built-in specs.
Target: x86_64-redhat-linux
Configured with: ../configure --prefix=/usr --mandir=/usr/share/man --infodir=/usr/share/info --enable-shared --enable-threads=posix --enable-checking=release --with-system-zlib --enable-__cxa_atexit --disable-libunwind-exceptions --enable-libgcj-multifile --enable-languages=c,c++,objc,obj-c++,java,fortran,ada --enable-java-awt=gtk --disable-dssi --enable-plugin --with-java-home=/usr/lib/jvm/java-1.4.2-gcj-1.4.2.0/jre --with-cpu=generic --host=x86_64-redhat-linux
Thread model: posix
gcc version 4.1.2 20080704 (Red Hat 4.1.2-48)
configure:1739: $? = 0
configure:1741: cc -V </dev/null >&5
cc: '-V' option must have argument
configure:1744: $? = 1
configure:1767: checking for C compiler default output file name
configure:1770: cc    conftest.c  >&5
configure:1773: $? = 0
configure:1819: result: a.out
configure:1824: checking whether the C compiler works
configure:1830: ./a.out
configure:1833: $? = 0
configure:1850: result: yes
configure:1857: checking whether we are cross compiling
configure:1859: result: no
configure:1862: checking for suffix of executables
configure:1864: cc -o conftest    conftest.c  >&5
configure:1867: $? = 0
configure:1892: result: 
configure:1898: checking for suffix of object files
configure:1919: cc -c   conftest.c >&5
configure:1922: $? = 0
configure:1944: result: o
configure:1948: checking whether we are using the GNU C compiler
configure:1972: cc -c   conftest.c >&5
configure:1978: $? = 0
configure:1982: test -z 
			 || test ! -s conftest.err
configure:1985: $? = 0
configure:1988: test -s conftest.o
configure:1991: $? = 0
configure:2004: result: yes
configure:2010: checking whether cc accepts -g
configure:2031: cc -c -g  conftest.c >&5
configure:2037: $? = 0
configure:2041: test -z 
			 || test ! -s conftest.err
configure:2044: $? = 0
configure:2047: test -s conftest.o
configure:2050: $? = 0
configure:2061: result: yes
configure:2078: checking for cc option to accept ANSI C
configure:2148: cc  -c -g -O2  conftest.c >&5
configure:2154: $? = 0
configure:2158: test -z 
			 || test ! -s conftest.err
configure:2161: $? = 0
configure:2164: test -s conftest.o
configure:2167: $? = 0
configure:2185: result: none needed
configure:2203: cc -c -g -O2  conftest.c >&5
conftest.c:2: error: expected '=', ',', ';', 'asm' or '__attribute__' before 'me'
configure:2209: $? = 1
configure: failed program was:
| #ifndef __cplusplus
|   choke me
| #endif
configure:2348: checking how to run the C preprocessor
configure:2383: cc -E  conftest.c
configure:2389: $? = 0
configure:2421: cc -E  conftest.c
conftest.c:9:28: error: ac_nonexistent.h: No such file or directory
configure:2427: $? = 1
configure: failed program was:
| /* confdefs.h.  */
| 
| #define PACKAGE_NAME ""
| #define PACKAGE_TARNAME ""
| #define PACKAGE_VERSION ""
| #define PACKAGE_STRING ""
| #define PACKAGE_BUGREPORT ""
| /* end confdefs.h.  */
| #include <ac_nonexistent.h>
configure:2466: result: cc -E
configure:2490: cc -E  conftest.c
configure:2496: $? = 0
configure:2528: cc -E  conftest.c
conftest.c:9:28: error: ac_nonexistent.h: No such file or directory
configure:2534: $? = 1
configure: failed program was:
| /* confdefs.h.  */
| 
| #define PACKAGE_NAME ""
| #define PACKAGE_TARNAME ""
| #define PACKAGE_VERSION ""
| #define PACKAGE_STRING ""
| #define PACKAGE_BUGREPORT ""
| /* end confdefs.h.  */
| #include <ac_nonexistent.h>
configure:2580: checking for icc
configure:2593: result: no
configure:2607: checking for suncc
configure:2620: result: no
configure:2638: checking whether cc understands -c and -o together
configure:2665: cc -c conftest.c -o conftest.o >&5
configure:2668: $? = 0
configure:2670: cc -c conftest.c -o conftest.o >&5
configure:2673: $? = 0
configure:2712: result: yes
configure:2728: checking for system library directory
configure:2746: result: lib
configure:2753: checking if compiler supports -R
configure:2777: cc -o conftest -g -O2   conftest.c -R /usr/lib  >&5
cc: unrecognized option '-R'
/usr/lib: file not recognized: Is a directory
collect2: ld returned 1 exit status
configure:2783: $? = 1
configure: failed program was:
| /* confdefs.h.  */
| 
| #define PACKAGE_NAME ""
| #define PACKAGE_TARNAME ""
| #define PACKAGE_VERSION ""
| #define PACKAGE_STRING ""
| #define PACKAGE_BUGREPORT ""
| /* end confdefs.h.  */
| 
| int
| main ()
| {
| 
|   ;
|   return 0;
| }
configure:2810: result: no
configure:2815: checking if compiler supports -Wl,-rpath,
configure:2839: cc -o conftest -g -O2   conftest.c -Wl,-rpath,/usr/lib  >&5
configure:2845: $? = 0
configure:2849: test -z 
			 || test ! -s conftest.err
configure:2852: $? = 0
configure:2855: test -s conftest
configure:2858: $? = 0
configure:2872: result: yes
configure:2915: checking build system type
configure:2933: result: x86_64-unknown-linux-gnu
configure:2941: checking host system type
configure:2955: result: x86_64-unknown-linux-gnu
configure:2963: checking target system type
configure:2977: result: x86_64-unknown-linux-gnu
configure:3075: checking for PHP prefix
configure:3077: result: /home/xma/php
configure:3079: checking for PHP includes
configure:3081: result: -I/home/xma/php/include/php -I/home/xma/php/include/php/main -I/home/xma/php/include/php/TSRM -I/home/xma/php/include/php/Zend -I/home/xma/php/include/php/ext -I/home/xma/php/include/php/ext/date/lib
configure:3083: checking for PHP extension directory
configure:3085: result: /home/xma/php/modules
configure:3087: checking for PHP installed headers prefix
configure:3089: result: /home/xma/php/include/php
configure:3092: checking if debug is enabled
configure:3122: result: no
configure:3125: checking if zts is enabled
configure:3155: result: no
configure:3237: checking for re2c
configure:3266: result: no
configure:3290: WARNING: You will need re2c 0.13.4 or later if you want to regenerate PHP parsers.
configure:3304: checking for gawk
configure:3321: found /bin/gawk
configure:3331: result: gawk
configure:3382: checking whether to enable odus support
configure:3424: result: yes, shared
configure:3824: checking for ld used by cc
configure:3891: result: /usr/bin/ld
configure:3900: checking if the linker (/usr/bin/ld) is GNU ld
configure:3915: result: yes
configure:3920: checking for /usr/bin/ld option to reload object files
configure:3927: result: -r
configure:3945: checking for BSD-compatible nm
configure:3987: result: /usr/bin/nm -B
configure:3991: checking whether ln -s works
configure:3995: result: yes
configure:4002: checking how to recognise dependent libraries
configure:4174: result: pass_all
configure:4255: cc -c -g -O2  conftest.c >&5
configure:4258: $? = 0
configure:4381: checking for ANSI C header files
configure:4406: cc -c -g -O2  conftest.c >&5
configure:4412: $? = 0
configure:4416: test -z 
			 || test ! -s conftest.err
configure:4419: $? = 0
configure:4422: test -s conftest.o
configure:4425: $? = 0
configure:4514: cc -o conftest -g -O2   conftest.c  >&5
conftest.c: In function 'main':
conftest.c:27: warning: incompatible implicit declaration of built-in function 'exit'
configure:4517: $? = 0
configure:4519: ./conftest
configure:4522: $? = 0
configure:4537: result: yes
configure:4561: checking for sys/types.h
configure:4577: cc -c -g -O2  conftest.c >&5
configure:4583: $? = 0
configure:4587: test -z 
			 || test ! -s conftest.err
configure:4590: $? = 0
configure:4593: test -s conftest.o
configure:4596: $? = 0
configure:4607: result: yes
configure:4561: checking for sys/stat.h
configure:4577: cc -c -g -O2  conftest.c >&5
configure:4583: $? = 0
configure:4587: test -z 
			 || test ! -s conftest.err
configure:4590: $? = 0
configure:4593: test -s conftest.o
configure:4596: $? = 0
configure:4607: result: yes
configure:4561: checking for stdlib.h
configure:4577: cc -c -g -O2  conftest.c >&5
configure:4583: $? = 0
configure:4587: test -z 
			 || test ! -s conftest.err
configure:4590: $? = 0
configure:4593: test -s conftest.o
configure:4596: $? = 0
configure:4607: result: yes
configure:4561: checking for string.h
configure:4577: cc -c -g -O2  conftest.c >&5
configure:4583: $? = 0
configure:4587: test -z 
			 || test ! -s conftest.err
configure:4590: $? = 0
configure:4593: test -s conftest.o
configure:4596: $? = 0
configure:4607: result: yes
configure:4561: checking for memory.h
configure:4577: cc -c -g -O2  conftest.c >&5
configure:4583: $? = 0
configure:4587: test -z 
			 || test ! -s conftest.err
configure:4590: $? = 0
configure:4593: test -s conftest.o
configure:4596: $? = 0
configure:4607: result: yes
configure:4561: checking for strings.h
configure:4577: cc -c -g -O2  conftest.c >&5
configure:4583: $? = 0
configure:4587: test -z 
			 || test ! -s conftest.err
configure:4590: $? = 0
configure:4593: test -s conftest.o
configure:4596: $? = 0
configure:4607: result: yes
configure:4561: checking for inttypes.h
configure:4577: cc -c -g -O2  conftest.c >&5
configure:4583: $? = 0
configure:4587: test -z 
			 || test ! -s conftest.err
configure:4590: $? = 0
configure:4593: test -s conftest.o
configure:4596: $? = 0
configure:4607: result: yes
configure:4561: checking for stdint.h
configure:4577: cc -c -g -O2  conftest.c >&5
configure:4583: $? = 0
configure:4587: test -z 
			 || test ! -s conftest.err
configure:4590: $? = 0
configure:4593: test -s conftest.o
configure:4596: $? = 0
configure:4607: result: yes
configure:4561: checking for unistd.h
configure:4577: cc -c -g -O2  conftest.c >&5
configure:4583: $? = 0
configure:4587: test -z 
			 || test ! -s conftest.err
configure:4590: $? = 0
configure:4593: test -s conftest.o
configure:4596: $? = 0
configure:4607: result: yes
configure:4633: checking dlfcn.h usability
configure:4645: cc -c -g -O2  conftest.c >&5
configure:4651: $? = 0
configure:4655: test -z 
			 || test ! -s conftest.err
configure:4658: $? = 0
configure:4661: test -s conftest.o
configure:4664: $? = 0
configure:4674: result: yes
configure:4678: checking dlfcn.h presence
configure:4688: cc -E  conftest.c
configure:4694: $? = 0
configure:4714: result: yes
configure:4749: checking for dlfcn.h
configure:4756: result: yes
configure:4783: checking the maximum length of command line arguments
configure:4875: result: 32768
configure:4886: checking command to parse /usr/bin/nm -B output from cc object
configure:4982: cc -c -g -O2  conftest.c >&5
configure:4985: $? = 0
configure:4989: /usr/bin/nm -B conftest.o \| sed -n -e 's/^.*[ 	]\([ABCDGIRSTW][ABCDGIRSTW]*\)[ 	][ 	]*\([_A-Za-z][_A-Za-z0-9]*\)$/\1 \2 \2/p' \> conftest.nm
configure:4992: $? = 0
configure:5044: cc -o conftest -g -O2   conftest.c conftstm.o >&5
configure:5047: $? = 0
configure:5085: result: ok
configure:5089: checking for objdir
configure:5104: result: .libs
configure:5194: checking for ar
configure:5210: found /usr/bin/ar
configure:5221: result: ar
configure:5274: checking for ranlib
configure:5290: found /usr/bin/ranlib
configure:5301: result: ranlib
configure:5354: checking for strip
configure:5370: found /usr/bin/strip
configure:5381: result: strip
configure:5670: checking if cc static flag  works
configure:5698: result: yes
configure:5720: checking if cc supports -fno-rtti -fno-exceptions
configure:5738: cc -c -g -O2  -fno-rtti -fno-exceptions conftest.c >&5
cc1: warning: command line option "-fno-rtti" is valid for C++/ObjC++ but not for C
configure:5742: $? = 0
configure:5755: result: no
configure:5770: checking for cc option to produce PIC
configure:5982: result: -fPIC
configure:5990: checking if cc PIC flag -fPIC works
configure:6008: cc -c -g -O2  -fPIC -DPIC conftest.c >&5
configure:6012: $? = 0
configure:6025: result: yes
configure:6049: checking if cc supports -c -o file.o
configure:6070: cc -c -g -O2  -o out/conftest2.o conftest.c >&5
configure:6074: $? = 0
configure:6096: result: yes
configure:6122: checking whether the cc linker (/usr/bin/ld -m elf_x86_64) supports shared libraries
configure:6966: result: yes
configure:6992: checking whether -lc should be explicitly linked in
configure:6997: cc -c -g -O2  conftest.c >&5
configure:7000: $? = 0
configure:7014: cc -shared conftest.o  -v -Wl,-soname -Wl,conftest -o conftest 2\>\&1 \| grep  -lc  \>/dev/null 2\>\&1
configure:7017: $? = 0
configure:7029: result: no
configure:7037: checking dynamic linker characteristics
configure:7413: cc -c -g -O2  conftest.c >&5
configure:7416: $? = 0
configure:7612: result: GNU/Linux ld.so
configure:7616: checking how to hardcode library paths into programs
configure:7641: result: immediate
configure:7655: checking whether stripping libraries is possible
configure:7660: result: yes
configure:8490: checking if libtool supports shared libraries
configure:8492: result: yes
configure:8495: checking whether to build shared libraries
configure:8516: result: yes
configure:8519: checking whether to build static libraries
configure:8523: result: no
configure:8616: result:
creating libtool
configure:12979: creating ./config.status

## ---------------------- ##
## Running config.status. ##
## ---------------------- ##

This file was extended by config.status, which was
generated by GNU Autoconf 2.59.  Invocation command line was

  CONFIG_FILES    = 
  CONFIG_HEADERS  = 
  CONFIG_LINKS    = 
  CONFIG_COMMANDS = 
  $ ./config.status 

on corp-dev-02.tc.zynga.com

config.status:454: creating config.h
config.status:560: config.h is unchanged

## ---------------- ##
## Cache variables. ##
## ---------------- ##

ac_cv_build=x86_64-unknown-linux-gnu
ac_cv_build_alias=x86_64-unknown-linux-gnu
ac_cv_c_compiler_gnu=yes
ac_cv_env_CC_set=
ac_cv_env_CC_value=
ac_cv_env_CFLAGS_set=
ac_cv_env_CFLAGS_value=
ac_cv_env_CPPFLAGS_set=
ac_cv_env_CPPFLAGS_value=
ac_cv_env_CPP_set=
ac_cv_env_CPP_value=
ac_cv_env_LDFLAGS_set=
ac_cv_env_LDFLAGS_value=
ac_cv_env_build_alias_set=
ac_cv_env_build_alias_value=
ac_cv_env_host_alias_set=
ac_cv_env_host_alias_value=
ac_cv_env_target_alias_set=
ac_cv_env_target_alias_value=
ac_cv_exeext=
ac_cv_header_dlfcn_h=yes
ac_cv_header_inttypes_h=yes
ac_cv_header_memory_h=yes
ac_cv_header_stdc=yes
ac_cv_header_stdint_h=yes
ac_cv_header_stdlib_h=yes
ac_cv_header_string_h=yes
ac_cv_header_strings_h=yes
ac_cv_header_sys_stat_h=yes
ac_cv_header_sys_types_h=yes
ac_cv_header_unistd_h=yes
ac_cv_host=x86_64-unknown-linux-gnu
ac_cv_host_alias=x86_64-unknown-linux-gnu
ac_cv_objext=o
ac_cv_prog_AWK=gawk
ac_cv_prog_CPP='cc -E'
ac_cv_prog_ac_ct_AR=ar
ac_cv_prog_ac_ct_CC=cc
ac_cv_prog_ac_ct_RANLIB=ranlib
ac_cv_prog_ac_ct_STRIP=strip
ac_cv_prog_cc_cc_c_o=yes
ac_cv_prog_cc_g=yes
ac_cv_prog_cc_stdc=
ac_cv_prog_egrep='grep -E'
ac_cv_target=x86_64-unknown-linux-gnu
ac_cv_target_alias=x86_64-unknown-linux-gnu
lt_cv_deplibs_check_method=pass_all
lt_cv_file_magic_cmd='$MAGIC_CMD'
lt_cv_file_magic_test_file=
lt_cv_ld_reload_flag=-r
lt_cv_objdir=.libs
lt_cv_path_LD=/usr/bin/ld
lt_cv_path_NM='/usr/bin/nm -B'
lt_cv_path_SED=/bin/sed
lt_cv_prog_compiler_c_o=yes
lt_cv_prog_compiler_rtti_exceptions=no
lt_cv_prog_gnu_ld=yes
lt_cv_sys_global_symbol_pipe='sed -n -e '\''s/^.*[ 	]\([ABCDGIRSTW][ABCDGIRSTW]*\)[ 	][ 	]*\([_A-Za-z][_A-Za-z0-9]*\)$/\1 \2 \2/p'\'''
lt_cv_sys_global_symbol_to_c_name_address='sed -n -e '\''s/^: \([^ ]*\) $/  {\"\1\", (lt_ptr) 0},/p'\'' -e '\''s/^[BCDEGRST] \([^ ]*\) \([^ ]*\)$/  {"\2", (lt_ptr) \&\2},/p'\'''
lt_cv_sys_global_symbol_to_cdecl='sed -n -e '\''s/^. .* \(.*\)$/extern int \1;/p'\'''
lt_cv_sys_max_cmd_len=32768
lt_lt_cv_prog_compiler_c_o='"yes"'
lt_lt_cv_sys_global_symbol_pipe='"sed -n -e '\''s/^.*[ 	]\\([ABCDGIRSTW][ABCDGIRSTW]*\\)[ 	][ 	]*\\([_A-Za-z][_A-Za-z0-9]*\\)\$/\\1 \\2 \\2/p'\''"'
lt_lt_cv_sys_global_symbol_to_c_name_address='"sed -n -e '\''s/^: \\([^ ]*\\) \$/  {\\\"\\1\\\", (lt_ptr) 0},/p'\'' -e '\''s/^[BCDEGRST] \\([^ ]*\\) \\([^ ]*\\)\$/  {\"\\2\", (lt_ptr) \\&\\2},/p'\''"'
lt_lt_cv_sys_global_symbol_to_cdecl='"sed -n -e '\''s/^. .* \\(.*\\)\$/extern int \\1;/p'\''"'
php_cv_cc_dashr=no
php_cv_cc_rpath=yes

## ----------------- ##
## Output variables. ##
## ----------------- ##

AR='ar'
AWK='gawk'
CC='cc'
CFLAGS='-g -O2'
CONFIGURE_COMMAND=' './configure'  '--with-php-config=/home/xma/php/bin/php-config''
CONFIGURE_OPTIONS=' '--with-php-config=/home/xma/php/bin/php-config''
CPP='cc -E'
CPPFLAGS=' -DHAVE_CONFIG_H'
DEFS='-DHAVE_CONFIG_H'
ECHO='echo'
ECHO_C=''
ECHO_N='-n'
ECHO_T=''
EGREP='grep -E'
EXEEXT=''
LDFLAGS=''
LIBOBJS=''
LIBS=''
LIBTOOL='$(SHELL) $(top_builddir)/libtool'
LN_S='ln -s'
LTLIBOBJS=''
OBJEXT='o'
PACKAGE_BUGREPORT=''
PACKAGE_NAME=''
PACKAGE_STRING=''
PACKAGE_TARNAME=''
PACKAGE_VERSION=''
PATH_SEPARATOR=':'
RANLIB='ranlib'
RE2C='exit 0;'
SED='/bin/sed'
SHELL='/bin/sh'
SHLIB_DL_SUFFIX_NAME='so'
SHLIB_SUFFIX_NAME='so'
STRIP='strip'
ac_ct_AR='ar'
ac_ct_CC='cc'
ac_ct_RANLIB='ranlib'
ac_ct_STRIP='strip'
bindir='${exec_prefix}/bin'
build='x86_64-unknown-linux-gnu'
build_alias=''
build_cpu='x86_64'
build_os='linux-gnu'
build_vendor='unknown'
datadir='${prefix}/share'
exec_prefix='$(prefix)'
host='x86_64-unknown-linux-gnu'
host_alias='x86_64-unknown-linux-gnu'
host_cpu='x86_64'
host_os='linux-gnu'
host_vendor='unknown'
includedir='${prefix}/include'
infodir='${prefix}/info'
libdir='${exec_prefix}/lib'
libexecdir='${exec_prefix}/libexec'
localstatedir='${prefix}/var'
mandir='${prefix}/man'
oldincludedir='/usr/include'
prefix='/home/xma/php'
program_transform_name='s,x,x,'
sbindir='${exec_prefix}/sbin'
sharedstatedir='${prefix}/com'
sysconfdir='${prefix}/etc'
target='x86_64-unknown-linux-gnu'
target_alias=''
target_cpu='x86_64'
target_os='linux-gnu'
target_vendor='unknown'

## ----------- ##
## confdefs.h. ##
## ----------- ##

#define COMPILE_DL_ODUS 1
#define HAVE_DLFCN_H 1
#define HAVE_INTTYPES_H 1
#define HAVE_MEMORY_H 1
#define HAVE_STDINT_H 1
#define HAVE_STDLIB_H 1
#define HAVE_STRINGS_H 1
#define HAVE_STRING_H 1
#define HAVE_SYS_STAT_H 1
#define HAVE_SYS_TYPES_H 1
#define HAVE_UNISTD_H 1
#define PACKAGE_BUGREPORT ""
#define PACKAGE_NAME ""
#define PACKAGE_STRING ""
#define PACKAGE_TARNAME ""
#define PACKAGE_VERSION ""
#define STDC_HEADERS 1

configure: exit 0
